<?xml version="1.0" encoding="UTF-8"?>
<!-- Generated by org.testng.reporters.JUnitXMLReporter -->
<testsuite hostname="LAPTOP-PLBJ6MT3" ignored="0" name="Test" tests="2" failures="1" timestamp="2020-06-13T16:35:18 IST" time="57.113" errors="0">
  <testcase name="signUp" time="33.031" classname="MavenAssignment.MavenProj2.SalesForceAppTest"/>
  <testcase name="signinvalidation" time="10.12" classname="MavenAssignment.MavenProj2.SalesForceAppTest">
    <failure type="java.lang.AssertionError" message="expected [true] but found [false]">
      <![CDATA[java.lang.AssertionError: expected [true] but found [false]
at MavenAssignment.MavenProj2.SalesForceAppTest.signinvalidation(SalesForceAppTest.java:71)
at java.util.ArrayList.forEach(ArrayList.java:1257)
... Removed 31 stack frames]]>
    </failure>
  </testcase> <!-- signinvalidation -->
</testsuite> <!-- Test -->
