<?xml version="1.0" encoding="UTF-8"?>
<testng-results skipped="0" failed="1" ignored="0" total="2" passed="1">
  <reporter-output>
  </reporter-output>
  <suite name="Suite" duration-ms="57113" started-at="2020-06-13T16:34:21 IST" finished-at="2020-06-13T16:35:18 IST">
    <groups>
    </groups>
    <test name="Test" duration-ms="57113" started-at="2020-06-13T16:34:21 IST" finished-at="2020-06-13T16:35:18 IST">
      <class name="MavenAssignment.MavenProj2.SalesForceAppTest">
        <test-method status="PASS" signature="Initializedriver()[pri:0, instance:MavenAssignment.MavenProj2.SalesForceAppTest@6c3f5566]" name="Initializedriver" is-config="true" duration-ms="9056" started-at="2020-06-13T16:34:21 IST" finished-at="2020-06-13T16:34:30 IST">
          <reporter-output>
          </reporter-output>
        </test-method> <!-- Initializedriver -->
        <test-method status="PASS" signature="signUp(java.lang.String, java.lang.String, java.lang.String, java.lang.String, java.lang.String, java.lang.String)[pri:0, instance:MavenAssignment.MavenProj2.SalesForceAppTest@6c3f5566]" name="signUp" duration-ms="33031" started-at="2020-06-13T16:34:30 IST" data-provider="getData" finished-at="2020-06-13T16:35:03 IST">
          <params>
            <param index="0">
              <value>
                <![CDATA[Arun Raja]]>
              </value>
            </param>
            <param index="1">
              <value>
                <![CDATA[A]]>
              </value>
            </param>
            <param index="2">
              <value>
                <![CDATA[arunraja.amirth@gmail.com]]>
              </value>
            </param>
            <param index="3">
              <value>
                <![CDATA[Test Lead]]>
              </value>
            </param>
            <param index="4">
              <value>
                <![CDATA[8971970444]]>
              </value>
            </param>
            <param index="5">
              <value>
                <![CDATA[Attra]]>
              </value>
            </param>
          </params>
          <reporter-output>
          </reporter-output>
        </test-method> <!-- signUp -->
        <test-method status="FAIL" signature="signinvalidation()[pri:0, instance:MavenAssignment.MavenProj2.SalesForceAppTest@6c3f5566]" name="signinvalidation" duration-ms="10120" started-at="2020-06-13T16:35:03 IST" finished-at="2020-06-13T16:35:13 IST">
          <exception class="java.lang.AssertionError">
            <message>
              <![CDATA[expected [true] but found [false]]]>
            </message>
            <full-stacktrace>
              <![CDATA[java.lang.AssertionError: expected [true] but found [false]
at org.testng.Assert.fail(Assert.java:97)
at org.testng.Assert.failNotEquals(Assert.java:969)
at org.testng.Assert.assertTrue(Assert.java:43)
at org.testng.Assert.assertTrue(Assert.java:53)
at MavenAssignment.MavenProj2.SalesForceAppTest.signinvalidation(SalesForceAppTest.java:71)
at sun.reflect.NativeMethodAccessorImpl.invoke0(Native Method)
at sun.reflect.NativeMethodAccessorImpl.invoke(NativeMethodAccessorImpl.java:62)
at sun.reflect.DelegatingMethodAccessorImpl.invoke(DelegatingMethodAccessorImpl.java:43)
at java.lang.reflect.Method.invoke(Method.java:498)
at org.testng.internal.MethodInvocationHelper.invokeMethod(MethodInvocationHelper.java:134)
at org.testng.internal.TestInvoker.invokeMethod(TestInvoker.java:597)
at org.testng.internal.TestInvoker.invokeTestMethod(TestInvoker.java:173)
at org.testng.internal.MethodRunner.runInSequence(MethodRunner.java:46)
at org.testng.internal.TestInvoker$MethodInvocationAgent.invoke(TestInvoker.java:816)
at org.testng.internal.TestInvoker.invokeTestMethods(TestInvoker.java:146)
at org.testng.internal.TestMethodWorker.invokeTestMethods(TestMethodWorker.java:146)
at org.testng.internal.TestMethodWorker.run(TestMethodWorker.java:128)
at java.util.ArrayList.forEach(ArrayList.java:1257)
at org.testng.TestRunner.privateRun(TestRunner.java:766)
at org.testng.TestRunner.run(TestRunner.java:587)
at org.testng.SuiteRunner.runTest(SuiteRunner.java:384)
at org.testng.SuiteRunner.runSequentially(SuiteRunner.java:378)
at org.testng.SuiteRunner.privateRun(SuiteRunner.java:337)
at org.testng.SuiteRunner.run(SuiteRunner.java:286)
at org.testng.SuiteRunnerWorker.runSuite(SuiteRunnerWorker.java:53)
at org.testng.SuiteRunnerWorker.run(SuiteRunnerWorker.java:96)
at org.testng.TestNG.runSuitesSequentially(TestNG.java:1187)
at org.testng.TestNG.runSuitesLocally(TestNG.java:1109)
at org.testng.TestNG.runSuites(TestNG.java:1039)
at org.testng.TestNG.run(TestNG.java:1007)
at org.testng.remote.AbstractRemoteTestNG.run(AbstractRemoteTestNG.java:115)
at org.testng.remote.RemoteTestNG.initAndRun(RemoteTestNG.java:251)
at org.testng.remote.RemoteTestNG.main(RemoteTestNG.java:77)
]]>
            </full-stacktrace>
          </exception> <!-- java.lang.AssertionError -->
          <reporter-output>
          </reporter-output>
        </test-method> <!-- signinvalidation -->
        <test-method status="PASS" signature="teardown()[pri:0, instance:MavenAssignment.MavenProj2.SalesForceAppTest@6c3f5566]" name="teardown" is-config="true" duration-ms="4125" started-at="2020-06-13T16:35:14 IST" finished-at="2020-06-13T16:35:18 IST">
          <reporter-output>
          </reporter-output>
        </test-method> <!-- teardown -->
      </class> <!-- MavenAssignment.MavenProj2.SalesForceAppTest -->
    </test> <!-- Test -->
  </suite> <!-- Suite -->
</testng-results>
